modules/expo-local-server/android/build/intermediates/manifest_merge_blame_file/debug/processDebugManifest/manifest-merger-blame-debug-report.txt
1<?xml version="1.0" encoding="utf-8"?>
2<manifest xmlns:android="http://schemas.android.com/apk/res/android"
3    package="expo.modules.localserver" >
4
5    <uses-sdk android:minSdkVersion="24" />
6
7    <uses-permission android:name="android.permission.FOREGROUND_SERVICE" />
7-->src/main/AndroidManifest.xml:2:3-75
7-->src/main/AndroidManifest.xml:2:20-72
8    <uses-permission android:name="android.permission.FOREGROUND_SERVICE_SPECIAL_USE" />
8-->src/main/AndroidManifest.xml:3:3-87
8-->src/main/AndroidManifest.xml:3:20-84
9
10    <application>
10-->src/main/AndroidManifest.xml:5:3-10:17
11        <service
11-->src/main/AndroidManifest.xml:6:5-9:52
12            android:name="expo.modules.localserver.LocalServerForegroundService"
12-->src/main/AndroidManifest.xml:7:7-75
13            android:exported="false"
13-->src/main/AndroidManifest.xml:8:7-31
14            android:foregroundServiceType="specialUse" />
14-->src/main/AndroidManifest.xml:9:7-49
15    </application>
16
17</manifest>